%!Adobe-FontList 1.18
%Locale:0x409

%BeginFont
Handler:DirectoryHandler
FontType:Invalid
OutlineFileName:\.DS_Store
FileLength:6148
FileModTime:1496392936
%EndFont

%BeginFont
Handler:DirectoryHandler
FontType:TrueType
FontName:RobotoCondensed-Light
FamilyName:Roboto Condensed
StyleName:Light
MenuName:Roboto Condensed
StyleBits:0
WeightClass:300
WidthClass:5
AngleClass:0
FullName:Roboto Condensed Light
WritingScript:Roman
OutlineFileName:\RobotoCondensed-Light.ttf
DataFormat:sfntData
hasSVG:no
FileLength:126168
FileModTime:1402714011
NameArray:0,Mac,18,Roboto Condensed Light
NameArray:0,Mac,4,Roboto Condensed Light
NameArray:0,Win,1,Roboto Condensed
NameArray:0,Win,16,Roboto Condensed
%EndFont

%BeginFont
Handler:DirectoryHandler
FontType:TrueType
FontName:RobotoCondensed-Regular
FamilyName:Roboto Condensed
StyleName:Regular
MenuName:Roboto Condensed
StyleBits:0
WeightClass:400
WidthClass:5
AngleClass:0
FullName:Roboto Condensed Regular
WritingScript:Roman
OutlineFileName:\RobotoCondensed-Regular.ttf
DataFormat:sfntData
hasSVG:no
FileLength:125332
FileModTime:1402714011
NameArray:0,Mac,18,Roboto Condensed Regular
NameArray:0,Mac,4,Roboto Condensed Regular
NameArray:0,Win,1,Roboto Condensed
%EndFont

